<?xml version="1.0" encoding="UTF-8"?>
<!-- Generated by org.testng.reporters.JUnitReportReporter -->
<testsuite hostname="INDELNB2172" failures="0" tests="4" name="tests.LoginTests" time="11.647" errors="0" timestamp="2025-05-01T02:01:20 IST" skipped="0">
  <testcase classname="tests.LoginTests" name="loginWithMultipleCredentials" time="2.701"/>
  <testcase classname="tests.LoginTests" name="loginWithMultipleCredentials" time="2.575"/>
  <testcase classname="tests.LoginTests" name="loginWithMultipleCredentials" time="3.659"/>
  <testcase classname="tests.LoginTests" name="loginWithMultipleCredentials" time="2.712"/>
</testsuite> <!-- tests.LoginTests -->
