<?xml version="1.0" encoding="UTF-8"?>
<!-- Generated by org.testng.reporters.JUnitReportReporter -->
<testsuite hostname="INDELNB2172" failures="0" tests="2" name="testcases.LoginTests" time="5.320" errors="0" timestamp="2025-04-22T15:42:16 IST" skipped="0">
  <testcase classname="testcases.LoginTests" name="loginWithInvalidCredentials" time="3.316"/>
  <testcase classname="testcases.LoginTests" name="loginWithValidCredentials" time="2.004"/>
</testsuite> <!-- testcases.LoginTests -->
